<?xml version="1.0" encoding="UTF-8"?>
<!-- Generated by org.testng.reporters.JUnitXMLReporter -->
<testsuite ignored="0" hostname="DESKTOP-89ALS6Q" failures="0" tests="4" name="Test" time="53.104" errors="0" timestamp="2020-03-31T17:05:09 CDT">
  <testcase classname="TestCases.validateNavLink" name="basePageNavigation" time="0.429"/>
  <testcase classname="TestCases.validateText" name="basePageNavigation" time="0.854"/>
  <testcase classname="TestCases.HomePage" name="basePageNavigation" time="12.36"/>
  <testcase classname="TestCases.HomePage" name="basePageNavigation" time="7.138"/>
</testsuite> <!-- Test -->
