<?xml version="1.0" encoding="UTF-8"?>
<!-- Generated by org.testng.reporters.JUnitXMLReporter -->
<testsuite ignored="0" hostname="DESKTOP-89ALS6Q" failures="1" tests="2" name="Validating text in the Homepage" time="11.517" errors="0" timestamp="2020-04-09T18:45:06 CDT">
  <testcase classname="TestCases.validateText" name="validateBtn" time="0.003">
    <failure type="java.lang.NullPointerException">
      <![CDATA[java.lang.NullPointerException
at TestCases.validateText.validateBtn(validateText.java:45)
at java.base/java.util.ArrayList.forEach(ArrayList.java:1540)
... Removed 27 stack frames]]>
    </failure>
  </testcase> <!-- validateBtn -->
  <testcase classname="TestCases.validateText" name="validateText" time="0.104"/>
</testsuite> <!-- Validating text in the Homepage -->
