<?xml version="1.0" encoding="UTF-8"?>
<!-- Generated by org.testng.reporters.JUnitXMLReporter -->
<testsuite hostname="DESKTOP-89ALS6Q" failures="0" tests="4" name="Test" time="45.083" errors="0" timestamp="31 Mar 2020 22:49:59 GMT">
  <testcase classname="TestCases.validateNavLink" name="basePageNavigation" time="0.27"/>
  <testcase classname="TestCases.validateText" name="basePageNavigation" time="0.382"/>
  <testcase classname="TestCases.HomePage" name="basePageNavigation" time="10.461"/>
  <testcase classname="TestCases.HomePage" name="basePageNavigation" time="5.146"/>
</testsuite> <!-- Test -->
