<?xml version="1.0" encoding="UTF-8"?>
<!-- Generated by org.testng.reporters.JUnitXMLReporter -->
<testsuite hostname="DESKTOP-89ALS6Q" failures="2" tests="2" name="Validating Login testing" time="0.025" errors="0" timestamp="21 Apr 2020 19:53:37 GMT">
  <testcase classname="cucumberOptions.TestRunner" name="feature" time="0.004">
    <failure type="cucumber.runtime.CucumberException" message="java.lang.NullPointerException">
      <![CDATA[cucumber.runtime.CucumberException: java.lang.NullPointerException
	at cucumber.api.testng.TestNGCucumberRunner.runCucumber(TestNGCucumberRunner.java:69)
	at cucumber.api.testng.AbstractTestNGCucumberTests.feature(AbstractTestNGCucumberTests.java:21)
	at java.base/java.util.concurrent.FutureTask.run(FutureTask.java:264)
	at java.base/java.util.concurrent.ThreadPoolExecutor.runWorker(ThreadPoolExecutor.java:1128)
	at java.base/java.util.concurrent.ThreadPoolExecutor$Worker.run(ThreadPoolExecutor.java:628)
	at java.base/java.lang.Thread.run(Thread.java:834)
Caused by: java.lang.NullPointerException
	at resources.base.initializeDriver(base.java:39)
	at stepsDefinitions.MyStepDefinitions.initialize_the_browser_with_chrome(MyStepDefinitions.java:19)
	at ✽.Given Initialize the browser with chrome(Login.feature:4)
... Removed 16 stack frames]]>
    </failure>
  </testcase> <!-- feature -->
  <testcase classname="cucumberOptions.TestRunner" name="feature" time="0.01">
    <failure type="java.lang.NullPointerException">
      <![CDATA[java.lang.NullPointerException
	at resources.base.getScreenShot(base.java:67)
	at TestCases.listners.onTestFailure(listners.java:30)
	at java.base/java.util.concurrent.FutureTask.run(FutureTask.java:264)
	at java.base/java.util.concurrent.ThreadPoolExecutor.runWorker(ThreadPoolExecutor.java:1128)
	at java.base/java.util.concurrent.ThreadPoolExecutor$Worker.run(ThreadPoolExecutor.java:628)
	at java.base/java.lang.Thread.run(Thread.java:834)
... Removed 13 stack frames]]>
    </failure>
  </testcase> <!-- feature -->
</testsuite> <!-- Validating Login testing -->
