<?xml version="1.0" encoding="UTF-8"?>
<testng-results total="1" passed="1" failed="0" skipped="0">
  <reporter-output>
  </reporter-output>
  <suite started-at="2020-04-21T21:03:50Z" name="Suite" finished-at="2020-04-21T21:04:23Z" duration-ms="32932">
    <groups>
      <group name="cucumber">
        <method signature="AbstractTestNGCucumberTests.feature(cucumber.api.testng.CucumberFeatureWrapper)[pri:0, instance:cucumberOptions.TestRunner@7a1234bf]" name="feature" class="cucumber.api.testng.AbstractTestNGCucumberTests"/>
      </group> <!-- cucumber -->
    </groups>
    <test started-at="2020-04-21T21:03:50Z" name="Validating Login testing" finished-at="2020-04-21T21:04:23Z" duration-ms="32932">
      <class name="cucumberOptions.TestRunner">
        <test-method is-config="true" signature="setUpClass()[pri:0, instance:cucumberOptions.TestRunner@7a1234bf]" started-at="2020-04-21T16:03:50Z" name="setUpClass" finished-at="2020-04-21T16:03:51Z" duration-ms="485" status="PASS">
          <reporter-output>
          </reporter-output>
        </test-method> <!-- setUpClass -->
        <test-method signature="feature(cucumber.api.testng.CucumberFeatureWrapper)[pri:0, instance:cucumberOptions.TestRunner@7a1234bf]" started-at="2020-04-21T16:03:51Z" name="feature" description="Runs Cucumber Feature" data-provider="features" finished-at="2020-04-21T16:04:23Z" duration-ms="32232" status="PASS">
          <params>
            <param index="0">
              <value>
                <![CDATA[Login into Application]]>
              </value>
            </param>
          </params>
          <reporter-output>
          </reporter-output>
        </test-method> <!-- feature -->
        <test-method is-config="true" signature="tearDownClass()[pri:0, instance:cucumberOptions.TestRunner@7a1234bf]" started-at="2020-04-21T16:04:23Z" name="tearDownClass" finished-at="2020-04-21T16:04:23Z" duration-ms="8" status="PASS">
          <reporter-output>
          </reporter-output>
        </test-method> <!-- tearDownClass -->
      </class> <!-- cucumberOptions.TestRunner -->
    </test> <!-- Validating Login testing -->
  </suite> <!-- Suite -->
</testng-results>
