<?xml version="1.0" encoding="UTF-8"?>
<testng-results ignored="0" total="1" passed="1" failed="0" skipped="0">
  <reporter-output>
  </reporter-output>
  <suite started-at="2020-04-21T16:02:51 CDT" name="Suite" finished-at="2020-04-21T16:03:24 CDT" duration-ms="32698">
    <groups>
      <group name="cucumber">
        <method signature="AbstractTestNGCucumberTests.feature(cucumber.api.testng.CucumberFeatureWrapper)[pri:0, instance:cucumberOptions.TestRunner@7eecb5b8]" name="feature" class="cucumber.api.testng.AbstractTestNGCucumberTests"/>
      </group> <!-- cucumber -->
    </groups>
    <test started-at="2020-04-21T16:02:51 CDT" name="Validating Login testing" finished-at="2020-04-21T16:03:24 CDT" duration-ms="32698">
      <class name="cucumberOptions.TestRunner">
        <test-method is-config="true" signature="setUpClass()[pri:0, instance:cucumberOptions.TestRunner@7eecb5b8]" started-at="2020-04-21T16:02:51 CDT" name="setUpClass" finished-at="2020-04-21T16:02:52 CDT" duration-ms="630" status="PASS">
          <reporter-output>
          </reporter-output>
        </test-method> <!-- setUpClass -->
        <test-method signature="feature(cucumber.api.testng.CucumberFeatureWrapper)[pri:0, instance:cucumberOptions.TestRunner@7eecb5b8]" started-at="2020-04-21T16:02:52 CDT" name="feature" description="Runs Cucumber Feature" data-provider="features" finished-at="2020-04-21T16:03:24 CDT" duration-ms="31714" status="PASS">
          <params>
            <param index="0">
              <value>
                <![CDATA[Login into Application]]>
              </value>
            </param>
          </params>
          <reporter-output>
          </reporter-output>
        </test-method> <!-- feature -->
        <test-method is-config="true" signature="tearDownClass()[pri:0, instance:cucumberOptions.TestRunner@7eecb5b8]" started-at="2020-04-21T16:03:24 CDT" name="tearDownClass" finished-at="2020-04-21T16:03:24 CDT" duration-ms="6" status="PASS">
          <reporter-output>
          </reporter-output>
        </test-method> <!-- tearDownClass -->
      </class> <!-- cucumberOptions.TestRunner -->
    </test> <!-- Validating Login testing -->
  </suite> <!-- Suite -->
</testng-results>
